2014/02/11 01:18:47 [error] [exception.CHttpException.404] exception 'CHttpException' with message 'Unable to resolve the request "site".' in C:\wamp\www\yii\framework\web\CWebApplication.php:286
Stack trace:
#0 C:\wamp\www\yii\framework\web\CWebApplication.php(141): CWebApplication->runController('')
#1 C:\wamp\www\yii\framework\base\CApplication.php(180): CWebApplication->processRequest()
#2 C:\wamp\www\cmsspirit\admin.php(12): CApplication->run()
#3 {main}
REQUEST_URI=/cmsspirit/admin.php
---
2014/02/11 01:22:38 [error] [php] include(Controller.php): failed to open stream: No such file or directory (C:\wamp\www\yii\framework\YiiBase.php:427)
Stack trace:
#0 C:\wamp\www\cmsspirit\protected\admin\controllers\SiteController.php(4): spl_autoload_call()
#1 C:\wamp\www\yii\framework\web\CWebApplication.php(354): require()
#2 C:\wamp\www\yii\framework\web\CWebApplication.php(276): CWebApplication->createController()
#3 C:\wamp\www\yii\framework\web\CWebApplication.php(141): CWebApplication->runController()
#4 C:\wamp\www\yii\framework\base\CApplication.php(180): CWebApplication->processRequest()
#5 C:\wamp\www\cmsspirit\admin.php(12): CWebApplication->run()
REQUEST_URI=/cmsspirit/admin.php
2014/02/11 01:23:26 [error] [php] include(SBaseController.php): failed to open stream: No such file or directory (C:\wamp\www\yii\framework\YiiBase.php:427)
Stack trace:
#0 C:\wamp\www\cmsspirit\protected\admin\controllers\SiteController.php(4): spl_autoload_call()
#1 C:\wamp\www\yii\framework\web\CWebApplication.php(354): require()
#2 C:\wamp\www\yii\framework\web\CWebApplication.php(276): CWebApplication->createController()
#3 C:\wamp\www\yii\framework\web\CWebApplication.php(141): CWebApplication->runController()
#4 C:\wamp\www\yii\framework\base\CApplication.php(180): CWebApplication->processRequest()
#5 C:\wamp\www\cmsspirit\admin.php(12): CWebApplication->run()
REQUEST_URI=/cmsspirit/admin.php
2014/02/11 01:26:40 [error] [php] include(SBaseController.php): failed to open stream: No such file or directory (C:\wamp\www\yii\framework\YiiBase.php:427)
Stack trace:
#0 C:\wamp\www\cmsspirit\protected\admin\controllers\SiteController.php(4): spl_autoload_call()
#1 C:\wamp\www\yii\framework\web\CWebApplication.php(354): require()
#2 C:\wamp\www\yii\framework\web\CWebApplication.php(276): CWebApplication->createController()
#3 C:\wamp\www\yii\framework\web\CWebApplication.php(141): CWebApplication->runController()
#4 C:\wamp\www\yii\framework\base\CApplication.php(180): CWebApplication->processRequest()
#5 C:\wamp\www\cmsspirit\admin.php(12): CWebApplication->run()
REQUEST_URI=/cmsspirit/admin.php
2014/02/11 01:28:20 [error] [php] include(SBaseController.php): failed to open stream: No such file or directory (C:\wamp\www\yii\framework\YiiBase.php:427)
Stack trace:
#0 C:\wamp\www\cmsspirit\protected\admin\controllers\SiteController.php(4): spl_autoload_call()
#1 C:\wamp\www\yii\framework\web\CWebApplication.php(354): require()
#2 C:\wamp\www\yii\framework\web\CWebApplication.php(276): CWebApplication->createController()
#3 C:\wamp\www\yii\framework\web\CWebApplication.php(141): CWebApplication->runController()
#4 C:\wamp\www\yii\framework\base\CApplication.php(180): CWebApplication->processRequest()
#5 C:\wamp\www\cmsspirit\admin.php(12): CWebApplication->run()
REQUEST_URI=/cmsspirit/admin.php
2014/02/11 01:28:22 [error] [php] include(SBaseController.php): failed to open stream: No such file or directory (C:\wamp\www\yii\framework\YiiBase.php:427)
Stack trace:
#0 C:\wamp\www\cmsspirit\protected\admin\controllers\SiteController.php(4): spl_autoload_call()
#1 C:\wamp\www\yii\framework\web\CWebApplication.php(354): require()
#2 C:\wamp\www\yii\framework\web\CWebApplication.php(276): CWebApplication->createController()
#3 C:\wamp\www\yii\framework\web\CWebApplication.php(141): CWebApplication->runController()
#4 C:\wamp\www\yii\framework\base\CApplication.php(180): CWebApplication->processRequest()
#5 C:\wamp\www\cmsspirit\admin.php(12): CWebApplication->run()
REQUEST_URI=/cmsspirit/admin.php
2014/02/11 01:29:40 [error] [php] include(SBaseController.php): failed to open stream: No such file or directory (C:\wamp\www\yii\framework\YiiBase.php:427)
Stack trace:
#0 C:\wamp\www\cmsspirit\protected\admin\controllers\SiteController.php(4): spl_autoload_call()
#1 C:\wamp\www\yii\framework\web\CWebApplication.php(354): require()
#2 C:\wamp\www\yii\framework\web\CWebApplication.php(276): CWebApplication->createController()
#3 C:\wamp\www\yii\framework\web\CWebApplication.php(141): CWebApplication->runController()
#4 C:\wamp\www\yii\framework\base\CApplication.php(180): CWebApplication->processRequest()
#5 C:\wamp\www\cmsspirit\admin.php(12): CWebApplication->run()
REQUEST_URI=/cmsspirit/admin.php
2014/02/11 01:29:41 [error] [php] include(SBaseController.php): failed to open stream: No such file or directory (C:\wamp\www\yii\framework\YiiBase.php:427)
Stack trace:
#0 C:\wamp\www\cmsspirit\protected\admin\controllers\SiteController.php(4): spl_autoload_call()
#1 C:\wamp\www\yii\framework\web\CWebApplication.php(354): require()
#2 C:\wamp\www\yii\framework\web\CWebApplication.php(276): CWebApplication->createController()
#3 C:\wamp\www\yii\framework\web\CWebApplication.php(141): CWebApplication->runController()
#4 C:\wamp\www\yii\framework\base\CApplication.php(180): CWebApplication->processRequest()
#5 C:\wamp\www\cmsspirit\admin.php(12): CWebApplication->run()
REQUEST_URI=/cmsspirit/admin.php
2014/02/11 01:31:07 [error] [php] include(SBaseController.php): failed to open stream: No such file or directory (C:\wamp\www\yii\framework\YiiBase.php:427)
Stack trace:
#0 C:\wamp\www\cmsspirit\protected\admin\controllers\SiteController.php(4): spl_autoload_call()
#1 C:\wamp\www\yii\framework\web\CWebApplication.php(354): require()
#2 C:\wamp\www\yii\framework\web\CWebApplication.php(276): CWebApplication->createController()
#3 C:\wamp\www\yii\framework\web\CWebApplication.php(141): CWebApplication->runController()
#4 C:\wamp\www\yii\framework\base\CApplication.php(180): CWebApplication->processRequest()
#5 C:\wamp\www\cmsspirit\admin.php(12): CWebApplication->run()
REQUEST_URI=/cmsspirit/admin.php
2014/02/11 01:32:55 [error] [php] include(SBaseController.php): failed to open stream: No such file or directory (C:\wamp\www\yii\framework\YiiBase.php:427)
Stack trace:
#0 C:\wamp\www\cmsspirit\protected\admin\controllers\SiteController.php(4): spl_autoload_call()
#1 C:\wamp\www\yii\framework\web\CWebApplication.php(354): require()
#2 C:\wamp\www\yii\framework\web\CWebApplication.php(276): CWebApplication->createController()
#3 C:\wamp\www\yii\framework\web\CWebApplication.php(141): CWebApplication->runController()
#4 C:\wamp\www\yii\framework\base\CApplication.php(180): CWebApplication->processRequest()
#5 C:\wamp\www\cmsspirit\admin.php(12): CWebApplication->run()
REQUEST_URI=/cmsspirit/admin.php
2014/02/11 01:33:14 [error] [php] include(SBaseController.php): failed to open stream: No such file or directory (C:\wamp\www\yii\framework\YiiBase.php:427)
Stack trace:
#0 C:\wamp\www\cmsspirit\protected\admin\controllers\SiteController.php(4): spl_autoload_call()
#1 C:\wamp\www\yii\framework\web\CWebApplication.php(354): require()
#2 C:\wamp\www\yii\framework\web\CWebApplication.php(276): CWebApplication->createController()
#3 C:\wamp\www\yii\framework\web\CWebApplication.php(141): CWebApplication->runController()
#4 C:\wamp\www\yii\framework\base\CApplication.php(180): CWebApplication->processRequest()
#5 C:\wamp\www\cmsspirit\admin.php(12): CWebApplication->run()
REQUEST_URI=/cmsspirit/admin.php
2014/02/11 01:34:20 [error] [php] include(SBaseController.php): failed to open stream: No such file or directory (C:\wamp\www\yii\framework\YiiBase.php:427)
Stack trace:
#0 C:\wamp\www\cmsspirit\protected\admin\controllers\SiteController.php(4): spl_autoload_call()
#1 C:\wamp\www\yii\framework\web\CWebApplication.php(354): require()
#2 C:\wamp\www\yii\framework\web\CWebApplication.php(276): CWebApplication->createController()
#3 C:\wamp\www\yii\framework\web\CWebApplication.php(141): CWebApplication->runController()
#4 C:\wamp\www\yii\framework\base\CApplication.php(180): CWebApplication->processRequest()
#5 C:\wamp\www\cmsspirit\admin.php(12): CWebApplication->run()
REQUEST_URI=/cmsspirit/admin.php
2014/02/11 01:34:58 [error] [php] include(SBaseController.php): failed to open stream: No such file or directory (C:\wamp\www\yii\framework\YiiBase.php:427)
Stack trace:
#0 C:\wamp\www\cmsspirit\protected\admin\controllers\SiteController.php(4): spl_autoload_call()
#1 C:\wamp\www\yii\framework\web\CWebApplication.php(354): require()
#2 C:\wamp\www\yii\framework\web\CWebApplication.php(276): CWebApplication->createController()
#3 C:\wamp\www\yii\framework\web\CWebApplication.php(141): CWebApplication->runController()
#4 C:\wamp\www\yii\framework\base\CApplication.php(180): CWebApplication->processRequest()
#5 C:\wamp\www\cmsspirit\admin.php(12): CWebApplication->run()
REQUEST_URI=/cmsspirit/admin.php
2014/02/11 01:37:35 [error] [php] include(SBaseController.php): failed to open stream: No such file or directory (C:\wamp\www\yii\framework\YiiBase.php:427)
Stack trace:
#0 C:\wamp\www\cmsspirit\protected\admin\controllers\SiteController.php(4): spl_autoload_call()
#1 C:\wamp\www\yii\framework\web\CWebApplication.php(354): require()
#2 C:\wamp\www\yii\framework\web\CWebApplication.php(276): CWebApplication->createController()
#3 C:\wamp\www\yii\framework\web\CWebApplication.php(141): CWebApplication->runController()
#4 C:\wamp\www\yii\framework\base\CApplication.php(180): CWebApplication->processRequest()
#5 C:\wamp\www\cmsspirit\admin.php(12): CWebApplication->run()
REQUEST_URI=/cmsspirit/admin.php
2014/02/11 01:45:08 [error] [exception.CException] exception 'CException' with message 'Property "SiteController.breadcrumbs" is not defined.' in C:\wamp\www\yii\framework\base\CComponent.php:173
Stack trace:
#0 C:\wamp\www\cmsspirit\themes\classic\views\site\login.php(7): CComponent->__set('breadcrumbs', Array)
#1 C:\wamp\www\yii\framework\web\CBaseController.php(126): require('C:\wamp\www\cms...')
#2 C:\wamp\www\yii\framework\web\CBaseController.php(95): CBaseController->renderInternal('C:\wamp\www\cms...', NULL, true)
#3 C:\wamp\www\yii\framework\web\CController.php(869): CBaseController->renderFile('C:\wamp\www\cms...', NULL, true)
#4 C:\wamp\www\yii\framework\web\CController.php(782): CController->renderPartial('login', NULL, true)
#5 C:\wamp\www\cmsspirit\protected\admin\controllers\SiteController.php(19): CController->render('login')
#6 C:\wamp\www\yii\framework\web\actions\CInlineAction.php(49): SiteController->actionLogin()
#7 C:\wamp\www\yii\framework\web\CController.php(308): CInlineAction->runWithParams(Array)
#8 C:\wamp\www\yii\framework\web\CController.php(286): CController->runAction(Object(CInlineAction))
#9 C:\wamp\www\yii\framework\web\CController.php(265): CController->runActionWithFilters(Object(CInlineAction), Array)
#10 C:\wamp\www\yii\framework\web\CWebApplication.php(282): CController->run('')
#11 C:\wamp\www\yii\framework\web\CWebApplication.php(141): CWebApplication->runController('')
#12 C:\wamp\www\yii\framework\base\CApplication.php(180): CWebApplication->processRequest()
#13 C:\wamp\www\cmsspirit\admin.php(12): CApplication->run()
#14 {main}
REQUEST_URI=/cmsspirit/admin.php
---
2014/02/11 01:45:33 [error] [exception.CException] exception 'CException' with message 'Property "SiteController.breadcrumbs" is not defined.' in C:\wamp\www\yii\framework\base\CComponent.php:173
Stack trace:
#0 C:\wamp\www\cmsspirit\themes\classic\views\site\login.php(7): CComponent->__set('breadcrumbs', Array)
#1 C:\wamp\www\yii\framework\web\CBaseController.php(126): require('C:\wamp\www\cms...')
#2 C:\wamp\www\yii\framework\web\CBaseController.php(95): CBaseController->renderInternal('C:\wamp\www\cms...', NULL, true)
#3 C:\wamp\www\yii\framework\web\CController.php(869): CBaseController->renderFile('C:\wamp\www\cms...', NULL, true)
#4 C:\wamp\www\yii\framework\web\CController.php(782): CController->renderPartial('login', NULL, true)
#5 C:\wamp\www\cmsspirit\protected\admin\controllers\SiteController.php(19): CController->render('login')
#6 C:\wamp\www\yii\framework\web\actions\CInlineAction.php(49): SiteController->actionLogin()
#7 C:\wamp\www\yii\framework\web\CController.php(308): CInlineAction->runWithParams(Array)
#8 C:\wamp\www\yii\framework\web\CController.php(286): CController->runAction(Object(CInlineAction))
#9 C:\wamp\www\yii\framework\web\CController.php(265): CController->runActionWithFilters(Object(CInlineAction), Array)
#10 C:\wamp\www\yii\framework\web\CWebApplication.php(282): CController->run('')
#11 C:\wamp\www\yii\framework\web\CWebApplication.php(141): CWebApplication->runController('')
#12 C:\wamp\www\yii\framework\base\CApplication.php(180): CWebApplication->processRequest()
#13 C:\wamp\www\cmsspirit\admin.php(12): CApplication->run()
#14 {main}
REQUEST_URI=/cmsspirit/admin.php
---
2014/02/11 01:45:35 [error] [exception.CException] exception 'CException' with message 'Property "SiteController.breadcrumbs" is not defined.' in C:\wamp\www\yii\framework\base\CComponent.php:173
Stack trace:
#0 C:\wamp\www\cmsspirit\themes\classic\views\site\login.php(7): CComponent->__set('breadcrumbs', Array)
#1 C:\wamp\www\yii\framework\web\CBaseController.php(126): require('C:\wamp\www\cms...')
#2 C:\wamp\www\yii\framework\web\CBaseController.php(95): CBaseController->renderInternal('C:\wamp\www\cms...', NULL, true)
#3 C:\wamp\www\yii\framework\web\CController.php(869): CBaseController->renderFile('C:\wamp\www\cms...', NULL, true)
#4 C:\wamp\www\yii\framework\web\CController.php(782): CController->renderPartial('login', NULL, true)
#5 C:\wamp\www\cmsspirit\protected\admin\controllers\SiteController.php(19): CController->render('login')
#6 C:\wamp\www\yii\framework\web\actions\CInlineAction.php(49): SiteController->actionLogin()
#7 C:\wamp\www\yii\framework\web\CController.php(308): CInlineAction->runWithParams(Array)
#8 C:\wamp\www\yii\framework\web\CController.php(286): CController->runAction(Object(CInlineAction))
#9 C:\wamp\www\yii\framework\web\CController.php(265): CController->runActionWithFilters(Object(CInlineAction), Array)
#10 C:\wamp\www\yii\framework\web\CWebApplication.php(282): CController->run('')
#11 C:\wamp\www\yii\framework\web\CWebApplication.php(141): CWebApplication->runController('')
#12 C:\wamp\www\yii\framework\base\CApplication.php(180): CWebApplication->processRequest()
#13 C:\wamp\www\cmsspirit\admin.php(12): CApplication->run()
#14 {main}
REQUEST_URI=/cmsspirit/admin.php
---
2014/02/11 01:47:00 [error] [exception.CException] exception 'CException' with message 'Property "SiteController.breadcrumbs" is not defined.' in C:\wamp\www\yii\framework\base\CComponent.php:173
Stack trace:
#0 C:\wamp\www\cmsspirit\themes\classic\views\site\login.php(7): CComponent->__set('breadcrumbs', Array)
#1 C:\wamp\www\yii\framework\web\CBaseController.php(126): require('C:\wamp\www\cms...')
#2 C:\wamp\www\yii\framework\web\CBaseController.php(95): CBaseController->renderInternal('C:\wamp\www\cms...', NULL, true)
#3 C:\wamp\www\yii\framework\web\CController.php(869): CBaseController->renderFile('C:\wamp\www\cms...', NULL, true)
#4 C:\wamp\www\yii\framework\web\CController.php(782): CController->renderPartial('login', NULL, true)
#5 C:\wamp\www\cmsspirit\protected\admin\controllers\SiteController.php(19): CController->render('login')
#6 C:\wamp\www\yii\framework\web\actions\CInlineAction.php(49): SiteController->actionLogin()
#7 C:\wamp\www\yii\framework\web\CController.php(308): CInlineAction->runWithParams(Array)
#8 C:\wamp\www\yii\framework\web\CController.php(286): CController->runAction(Object(CInlineAction))
#9 C:\wamp\www\yii\framework\web\CController.php(265): CController->runActionWithFilters(Object(CInlineAction), Array)
#10 C:\wamp\www\yii\framework\web\CWebApplication.php(282): CController->run('')
#11 C:\wamp\www\yii\framework\web\CWebApplication.php(141): CWebApplication->runController('')
#12 C:\wamp\www\yii\framework\base\CApplication.php(180): CWebApplication->processRequest()
#13 C:\wamp\www\cmsspirit\admin.php(12): CApplication->run()
#14 {main}
REQUEST_URI=/cmsspirit/admin.php
---
2014/02/11 01:48:00 [error] [exception.CException] exception 'CException' with message 'Property "SiteController.breadcrumbs" is not defined.' in C:\wamp\www\yii\framework\base\CComponent.php:173
Stack trace:
#0 C:\wamp\www\cmsspirit\themes\classic\views\site\login.php(7): CComponent->__set('breadcrumbs', Array)
#1 C:\wamp\www\yii\framework\web\CBaseController.php(126): require('C:\wamp\www\cms...')
#2 C:\wamp\www\yii\framework\web\CBaseController.php(95): CBaseController->renderInternal('C:\wamp\www\cms...', NULL, true)
#3 C:\wamp\www\yii\framework\web\CController.php(869): CBaseController->renderFile('C:\wamp\www\cms...', NULL, true)
#4 C:\wamp\www\yii\framework\web\CController.php(782): CController->renderPartial('login', NULL, true)
#5 C:\wamp\www\cmsspirit\protected\admin\controllers\SiteController.php(19): CController->render('login')
#6 C:\wamp\www\yii\framework\web\actions\CInlineAction.php(49): SiteController->actionLogin()
#7 C:\wamp\www\yii\framework\web\CController.php(308): CInlineAction->runWithParams(Array)
#8 C:\wamp\www\yii\framework\web\CController.php(286): CController->runAction(Object(CInlineAction))
#9 C:\wamp\www\yii\framework\web\CController.php(265): CController->runActionWithFilters(Object(CInlineAction), Array)
#10 C:\wamp\www\yii\framework\web\CWebApplication.php(282): CController->run('')
#11 C:\wamp\www\yii\framework\web\CWebApplication.php(141): CWebApplication->runController('')
#12 C:\wamp\www\yii\framework\base\CApplication.php(180): CWebApplication->processRequest()
#13 C:\wamp\www\cmsspirit\admin.php(12): CApplication->run()
#14 {main}
REQUEST_URI=/cmsspirit/admin.php
---
2014/02/11 01:48:12 [error] [exception.CException] exception 'CException' with message 'Property "SiteController.breadcrumbs" is not defined.' in C:\wamp\www\yii\framework\base\CComponent.php:173
Stack trace:
#0 C:\wamp\www\cmsspirit\themes\classic\views\site\login.php(7): CComponent->__set('breadcrumbs', Array)
#1 C:\wamp\www\yii\framework\web\CBaseController.php(126): require('C:\wamp\www\cms...')
#2 C:\wamp\www\yii\framework\web\CBaseController.php(95): CBaseController->renderInternal('C:\wamp\www\cms...', NULL, true)
#3 C:\wamp\www\yii\framework\web\CController.php(869): CBaseController->renderFile('C:\wamp\www\cms...', NULL, true)
#4 C:\wamp\www\yii\framework\web\CController.php(782): CController->renderPartial('login', NULL, true)
#5 C:\wamp\www\cmsspirit\protected\admin\controllers\SiteController.php(19): CController->render('login')
#6 C:\wamp\www\yii\framework\web\actions\CInlineAction.php(49): SiteController->actionLogin()
#7 C:\wamp\www\yii\framework\web\CController.php(308): CInlineAction->runWithParams(Array)
#8 C:\wamp\www\yii\framework\web\CController.php(286): CController->runAction(Object(CInlineAction))
#9 C:\wamp\www\yii\framework\web\CController.php(265): CController->runActionWithFilters(Object(CInlineAction), Array)
#10 C:\wamp\www\yii\framework\web\CWebApplication.php(282): CController->run('')
#11 C:\wamp\www\yii\framework\web\CWebApplication.php(141): CWebApplication->runController('')
#12 C:\wamp\www\yii\framework\base\CApplication.php(180): CWebApplication->processRequest()
#13 C:\wamp\www\cmsspirit\admin.php(12): CApplication->run()
#14 {main}
REQUEST_URI=/cmsspirit/admin.php
---
2014/02/11 01:50:23 [error] [exception.CException] exception 'CException' with message 'Property "SiteController.breadcrumbs" is not defined.' in C:\wamp\www\yii\framework\base\CComponent.php:173
Stack trace:
#0 C:\wamp\www\cmsspirit\themes\classic\views\site\login.php(7): CComponent->__set('breadcrumbs', Array)
#1 C:\wamp\www\yii\framework\web\CBaseController.php(126): require('C:\wamp\www\cms...')
#2 C:\wamp\www\yii\framework\web\CBaseController.php(95): CBaseController->renderInternal('C:\wamp\www\cms...', Array, true)
#3 C:\wamp\www\yii\framework\web\CController.php(869): CBaseController->renderFile('C:\wamp\www\cms...', Array, true)
#4 C:\wamp\www\yii\framework\web\CController.php(782): CController->renderPartial('login', Array, true)
#5 C:\wamp\www\cmsspirit\protected\admin\controllers\SiteController.php(33): CController->render('login', Array)
#6 C:\wamp\www\yii\framework\web\actions\CInlineAction.php(49): SiteController->actionLogin()
#7 C:\wamp\www\yii\framework\web\CController.php(308): CInlineAction->runWithParams(Array)
#8 C:\wamp\www\yii\framework\web\CController.php(286): CController->runAction(Object(CInlineAction))
#9 C:\wamp\www\yii\framework\web\CController.php(265): CController->runActionWithFilters(Object(CInlineAction), Array)
#10 C:\wamp\www\yii\framework\web\CWebApplication.php(282): CController->run('')
#11 C:\wamp\www\yii\framework\web\CWebApplication.php(141): CWebApplication->runController('')
#12 C:\wamp\www\yii\framework\base\CApplication.php(180): CWebApplication->processRequest()
#13 C:\wamp\www\cmsspirit\admin.php(12): CApplication->run()
#14 {main}
REQUEST_URI=/cmsspirit/admin.php
---
2014/02/11 01:50:26 [error] [exception.CException] exception 'CException' with message 'Property "SiteController.breadcrumbs" is not defined.' in C:\wamp\www\yii\framework\base\CComponent.php:173
Stack trace:
#0 C:\wamp\www\cmsspirit\themes\classic\views\site\login.php(7): CComponent->__set('breadcrumbs', Array)
#1 C:\wamp\www\yii\framework\web\CBaseController.php(126): require('C:\wamp\www\cms...')
#2 C:\wamp\www\yii\framework\web\CBaseController.php(95): CBaseController->renderInternal('C:\wamp\www\cms...', Array, true)
#3 C:\wamp\www\yii\framework\web\CController.php(869): CBaseController->renderFile('C:\wamp\www\cms...', Array, true)
#4 C:\wamp\www\yii\framework\web\CController.php(782): CController->renderPartial('login', Array, true)
#5 C:\wamp\www\cmsspirit\protected\admin\controllers\SiteController.php(33): CController->render('login', Array)
#6 C:\wamp\www\yii\framework\web\actions\CInlineAction.php(49): SiteController->actionLogin()
#7 C:\wamp\www\yii\framework\web\CController.php(308): CInlineAction->runWithParams(Array)
#8 C:\wamp\www\yii\framework\web\CController.php(286): CController->runAction(Object(CInlineAction))
#9 C:\wamp\www\yii\framework\web\CController.php(265): CController->runActionWithFilters(Object(CInlineAction), Array)
#10 C:\wamp\www\yii\framework\web\CWebApplication.php(282): CController->run('')
#11 C:\wamp\www\yii\framework\web\CWebApplication.php(141): CWebApplication->runController('')
#12 C:\wamp\www\yii\framework\base\CApplication.php(180): CWebApplication->processRequest()
#13 C:\wamp\www\cmsspirit\admin.php(12): CApplication->run()
#14 {main}
REQUEST_URI=/cmsspirit/admin.php
---
2014/02/11 01:50:44 [error] [exception.CException] exception 'CException' with message 'Property "SiteController.breadcrumbs" is not defined.' in C:\wamp\www\yii\framework\base\CComponent.php:173
Stack trace:
#0 C:\wamp\www\cmsspirit\themes\classic\views\site\login.php(7): CComponent->__set('breadcrumbs', Array)
#1 C:\wamp\www\yii\framework\web\CBaseController.php(126): require('C:\wamp\www\cms...')
#2 C:\wamp\www\yii\framework\web\CBaseController.php(95): CBaseController->renderInternal('C:\wamp\www\cms...', NULL, true)
#3 C:\wamp\www\yii\framework\web\CController.php(869): CBaseController->renderFile('C:\wamp\www\cms...', NULL, true)
#4 C:\wamp\www\yii\framework\web\CController.php(782): CController->renderPartial('login', NULL, true)
#5 C:\wamp\www\cmsspirit\protected\admin\controllers\SiteController.php(19): CController->render('login')
#6 C:\wamp\www\yii\framework\web\actions\CInlineAction.php(49): SiteController->actionLogin()
#7 C:\wamp\www\yii\framework\web\CController.php(308): CInlineAction->runWithParams(Array)
#8 C:\wamp\www\yii\framework\web\CController.php(286): CController->runAction(Object(CInlineAction))
#9 C:\wamp\www\yii\framework\web\CController.php(265): CController->runActionWithFilters(Object(CInlineAction), Array)
#10 C:\wamp\www\yii\framework\web\CWebApplication.php(282): CController->run('')
#11 C:\wamp\www\yii\framework\web\CWebApplication.php(141): CWebApplication->runController('')
#12 C:\wamp\www\yii\framework\base\CApplication.php(180): CWebApplication->processRequest()
#13 C:\wamp\www\cmsspirit\admin.php(12): CApplication->run()
#14 {main}
REQUEST_URI=/cmsspirit/admin.php
---
